[debug] [2025-06-05T07:12:38.189Z] ----------------------------------------------------------------------
[debug] [2025-06-05T07:12:38.193Z] Command:       C:\Program Files\nodejs\node.exe C:\Users\balaj\AppData\Roaming\npm\node_modules\firebase-tools\lib\bin\firebase.js init
[debug] [2025-06-05T07:12:38.194Z] CLI Version:   14.6.0
[debug] [2025-06-05T07:12:38.194Z] Platform:      win32
[debug] [2025-06-05T07:12:38.194Z] Node Version:  v22.16.0
[debug] [2025-06-05T07:12:38.195Z] Time:          Thu Jun 05 2025 00:12:38 GMT-0700 (Mountain Standard Time)
[debug] [2025-06-05T07:12:38.195Z] ----------------------------------------------------------------------
[debug] 
[debug] [2025-06-05T07:12:38.202Z] > command requires scopes: ["email","openid","https://www.googleapis.com/auth/cloudplatformprojects.readonly","https://www.googleapis.com/auth/firebase","https://www.googleapis.com/auth/cloud-platform"]
[debug] [2025-06-05T07:12:38.202Z] > authorizing via signed-in user (balajishiva2580@gmail.com)
[info] 
     ######## #### ########  ######## ########     ###     ######  ########
     ##        ##  ##     ## ##       ##     ##  ##   ##  ##       ##
     ######    ##  ########  ######   ########  #########  ######  ######
     ##        ##  ##    ##  ##       ##     ## ##     ##       ## ##
     ##       #### ##     ## ######## ########  ##     ##  ######  ########

You're about to initialize a Firebase project in this directory:

  E:\Data_Science_Portfolio\29. Task Manager

[info] 
=== Project Setup
[info] 
[info] First, let's associate this project directory with a Firebase project.
[info] You can create multiple project aliases by running firebase use --add, 
[info] but for now we'll just set up a default project.
[info] 
[debug] [2025-06-05T07:12:54.682Z] Checked if tokens are valid: false, expires at: 1744921099120
[debug] [2025-06-05T07:12:54.682Z] Checked if tokens are valid: false, expires at: 1744921099120
[debug] [2025-06-05T07:12:54.682Z] > refreshing access token with scopes: []
[debug] [2025-06-05T07:12:54.684Z] >>> [apiv2][query] POST https://www.googleapis.com/oauth2/v3/token [none]
[debug] [2025-06-05T07:12:54.684Z] >>> [apiv2][body] POST https://www.googleapis.com/oauth2/v3/token [omitted]
[debug] [2025-06-05T07:12:54.940Z] <<< [apiv2][status] POST https://www.googleapis.com/oauth2/v3/token 400
[debug] [2025-06-05T07:12:54.941Z] <<< [apiv2][body] POST https://www.googleapis.com/oauth2/v3/token [omitted]
[debug] [2025-06-05T07:12:54.941Z] >>> [apiv2][query] GET https://firebase.googleapis.com/v1beta1/projects pageSize=100
[debug] [2025-06-05T07:12:55.342Z] <<< [apiv2][status] GET https://firebase.googleapis.com/v1beta1/projects 401
[debug] [2025-06-05T07:12:55.343Z] <<< [apiv2][body] GET https://firebase.googleapis.com/v1beta1/projects [omitted]
[debug] [2025-06-05T07:12:55.343Z] Got a 401 Unauthenticated error for a call that required authentication. Refreshing tokens.
[debug] [2025-06-05T07:12:55.343Z] Checked if tokens are valid: false, expires at: 1744921099120
[debug] [2025-06-05T07:12:55.343Z] Checked if tokens are valid: false, expires at: 1744921099120
[debug] [2025-06-05T07:12:55.343Z] > refreshing access token with scopes: []
[debug] [2025-06-05T07:12:55.343Z] >>> [apiv2][query] POST https://www.googleapis.com/oauth2/v3/token [none]
[debug] [2025-06-05T07:12:55.343Z] >>> [apiv2][body] POST https://www.googleapis.com/oauth2/v3/token [omitted]
[debug] [2025-06-05T07:12:55.422Z] <<< [apiv2][status] POST https://www.googleapis.com/oauth2/v3/token 400
[debug] [2025-06-05T07:12:55.422Z] <<< [apiv2][body] POST https://www.googleapis.com/oauth2/v3/token [omitted]
[debug] [2025-06-05T07:12:55.423Z] Request to https://firebase.googleapis.com/v1beta1/projects?pageSize=100 had HTTP Error: 401, Request had invalid authentication credentials. Expected OAuth 2 access token, login cookie or other valid authentication credential. See https://developers.google.com/identity/sign-in/web/devconsole-project.
[debug] [2025-06-05T07:12:55.424Z] FirebaseError: Request to https://firebase.googleapis.com/v1beta1/projects?pageSize=100 had HTTP Error: 401, Request had invalid authentication credentials. Expected OAuth 2 access token, login cookie or other valid authentication credential. See https://developers.google.com/identity/sign-in/web/devconsole-project.
    at responseToError (C:\Users\balaj\AppData\Roaming\npm\node_modules\firebase-tools\lib\responseToError.js:52:12)
    at RetryOperation._fn (C:\Users\balaj\AppData\Roaming\npm\node_modules\firebase-tools\lib\apiv2.js:312:77)
    at process.processTicksAndRejections (node:internal/process/task_queues:105:5)
[error] 
[error] Error: Failed to list Firebase projects. See firebase-debug.log for more info.
[debug] [2025-06-05T07:13:00.254Z] ----------------------------------------------------------------------
[debug] [2025-06-05T07:13:00.258Z] Command:       C:\Program Files\nodejs\node.exe C:\Users\balaj\AppData\Roaming\npm\node_modules\firebase-tools\lib\bin\firebase.js init
[debug] [2025-06-05T07:13:00.259Z] CLI Version:   14.6.0
[debug] [2025-06-05T07:13:00.259Z] Platform:      win32
[debug] [2025-06-05T07:13:00.259Z] Node Version:  v22.16.0
[debug] [2025-06-05T07:13:00.259Z] Time:          Thu Jun 05 2025 00:13:00 GMT-0700 (Mountain Standard Time)
[debug] [2025-06-05T07:13:00.260Z] ----------------------------------------------------------------------
[debug] 
[debug] [2025-06-05T07:13:00.267Z] > command requires scopes: ["email","openid","https://www.googleapis.com/auth/cloudplatformprojects.readonly","https://www.googleapis.com/auth/firebase","https://www.googleapis.com/auth/cloud-platform"]
[debug] [2025-06-05T07:13:00.267Z] > authorizing via signed-in user (balajishiva2580@gmail.com)
[info] 
     ######## #### ########  ######## ########     ###     ######  ########
     ##        ##  ##     ## ##       ##     ##  ##   ##  ##       ##
     ######    ##  ########  ######   ########  #########  ######  ######
     ##        ##  ##    ##  ##       ##     ## ##     ##       ## ##
     ##       #### ##     ## ######## ########  ##     ##  ######  ########

You're about to initialize a Firebase project in this directory:

  E:\Data_Science_Portfolio\29. Task Manager

[info] 
=== Project Setup
[info] 
[info] First, let's associate this project directory with a Firebase project.
[info] You can create multiple project aliases by running firebase use --add, 
[info] but for now we'll just set up a default project.
[info] 
[debug] [2025-06-05T07:13:18.239Z] Checked if tokens are valid: false, expires at: 1744921099120
[debug] [2025-06-05T07:13:18.240Z] Checked if tokens are valid: false, expires at: 1744921099120
[debug] [2025-06-05T07:13:18.240Z] > refreshing access token with scopes: []
[debug] [2025-06-05T07:13:18.242Z] >>> [apiv2][query] POST https://www.googleapis.com/oauth2/v3/token [none]
[debug] [2025-06-05T07:13:18.242Z] >>> [apiv2][body] POST https://www.googleapis.com/oauth2/v3/token [omitted]
[debug] [2025-06-05T07:13:18.479Z] <<< [apiv2][status] POST https://www.googleapis.com/oauth2/v3/token 400
[debug] [2025-06-05T07:13:18.480Z] <<< [apiv2][body] POST https://www.googleapis.com/oauth2/v3/token [omitted]
[debug] [2025-06-05T07:13:18.480Z] >>> [apiv2][query] GET https://firebase.googleapis.com/v1beta1/projects pageSize=100
[debug] [2025-06-05T07:13:18.848Z] <<< [apiv2][status] GET https://firebase.googleapis.com/v1beta1/projects 401
[debug] [2025-06-05T07:13:18.848Z] <<< [apiv2][body] GET https://firebase.googleapis.com/v1beta1/projects [omitted]
[debug] [2025-06-05T07:13:18.848Z] Got a 401 Unauthenticated error for a call that required authentication. Refreshing tokens.
[debug] [2025-06-05T07:13:18.848Z] Checked if tokens are valid: false, expires at: 1744921099120
[debug] [2025-06-05T07:13:18.848Z] Checked if tokens are valid: false, expires at: 1744921099120
[debug] [2025-06-05T07:13:18.848Z] > refreshing access token with scopes: []
[debug] [2025-06-05T07:13:18.849Z] >>> [apiv2][query] POST https://www.googleapis.com/oauth2/v3/token [none]
[debug] [2025-06-05T07:13:18.849Z] >>> [apiv2][body] POST https://www.googleapis.com/oauth2/v3/token [omitted]
[debug] [2025-06-05T07:13:18.933Z] <<< [apiv2][status] POST https://www.googleapis.com/oauth2/v3/token 400
[debug] [2025-06-05T07:13:18.933Z] <<< [apiv2][body] POST https://www.googleapis.com/oauth2/v3/token [omitted]
[debug] [2025-06-05T07:13:18.934Z] Request to https://firebase.googleapis.com/v1beta1/projects?pageSize=100 had HTTP Error: 401, Request had invalid authentication credentials. Expected OAuth 2 access token, login cookie or other valid authentication credential. See https://developers.google.com/identity/sign-in/web/devconsole-project.
[debug] [2025-06-05T07:13:18.935Z] FirebaseError: Request to https://firebase.googleapis.com/v1beta1/projects?pageSize=100 had HTTP Error: 401, Request had invalid authentication credentials. Expected OAuth 2 access token, login cookie or other valid authentication credential. See https://developers.google.com/identity/sign-in/web/devconsole-project.
    at responseToError (C:\Users\balaj\AppData\Roaming\npm\node_modules\firebase-tools\lib\responseToError.js:52:12)
    at RetryOperation._fn (C:\Users\balaj\AppData\Roaming\npm\node_modules\firebase-tools\lib\apiv2.js:312:77)
    at process.processTicksAndRejections (node:internal/process/task_queues:105:5)
[error] 
[error] Error: Failed to list Firebase projects. See firebase-debug.log for more info.
